<?xml version="1.0" encoding="UTF-8"?>
<!-- Generated by org.testng.reporters.JUnitReportReporter -->
<testsuite skipped="0" hostname="minds" name="com.LMS.testcases.LoginpageTest" tests="1" failures="0" timestamp="19 Jun 2019 05:50:42 GMT" time="31.959" errors="0">
  <testcase name="loginTest" time="31.959" classname="com.LMS.testcases.LoginpageTest"/>
</testsuite> <!-- com.LMS.testcases.LoginpageTest -->
