<?xml version="1.0" encoding="UTF-8"?>
<!-- Generated by org.testng.reporters.JUnitReportReporter -->
<testsuite skipped="0" hostname="minds" name="com.LMS.testcases.ViewOrgTermDisciplinepageTest" tests="1" failures="0" timestamp="10 Jul 2019 09:50:25 GMT" time="135.873" errors="0">
  <testcase name="clickoncourse" time="135.873" classname="com.LMS.testcases.ViewOrgTermDisciplinepageTest"/>
</testsuite> <!-- com.LMS.testcases.ViewOrgTermDisciplinepageTest -->
