<?xml version="1.0" encoding="UTF-8"?>
<!-- Generated by org.testng.reporters.JUnitReportReporter -->
<testsuite skipped="0" hostname="minds" name="com.LMS.testcases.AddCoursepageTest" tests="1" failures="0" timestamp="10 Jul 2019 04:57:20 GMT" time="278.523" errors="0">
  <testcase name="clickoncourse" time="278.523" classname="com.LMS.testcases.AddCoursepageTest"/>
</testsuite> <!-- com.LMS.testcases.AddCoursepageTest -->
