<?xml version="1.0" encoding="UTF-8"?>
<!-- Generated by org.testng.reporters.JUnitReportReporter -->
<testsuite skipped="0" hostname="minds" name="com.LMS.testcases.CourseCatalogpageTest" tests="1" failures="0" timestamp="10 Jul 2019 04:57:20 GMT" time="61.812" errors="0">
  <testcase name="clickoncourse" time="61.812" classname="com.LMS.testcases.CourseCatalogpageTest"/>
</testsuite> <!-- com.LMS.testcases.CourseCatalogpageTest -->
